[    0.000000] Linux version 4.15.0-142-generic (buildd@lgw01-amd64-036) (gcc version 7.5.0 (Ubuntu 7.5.0-3ubuntu1~18.04)) #146-Ubuntu SMP Tue Apr 13 01:11:19 UTC 2021 (Ubuntu 4.15.0-142.146-generic 4.15.18)
[    0.000000] Command line: BOOT_IMAGE=/boot/vmlinuz-4.15.0-142-generic root=LABEL=cloudimg-rootfs ro console=tty1 console=ttyS0
[    0.000000] KERNEL supported cpus:
[    0.000000]   Intel GenuineIntel
[    0.000000]   AMD AuthenticAMD
[    0.000000]   Centaur CentaurHauls
[    0.000000] x86/fpu: Supporting XSAVE feature 0x001: 'x87 floating point registers'
[    0.000000] x86/fpu: Supporting XSAVE feature 0x002: 'SSE registers'
[    0.000000] x86/fpu: Supporting XSAVE feature 0x004: 'AVX registers'
[    0.000000] x86/fpu: xstate_offset[2]:  576, xstate_sizes[2]:  256
[    0.000000] x86/fpu: Enabled xstate features 0x7, context size is 832 bytes, using 'standard' format.
[    0.000000] e820: BIOS-provided physical RAM map:
[    0.000000] BIOS-e820: [mem 0x0000000000000000-0x000000000009fbff] usable
[    0.000000] BIOS-e820: [mem 0x000000000009fc00-0x000000000009ffff] reserved
[    0.000000] BIOS-e820: [mem 0x00000000000f0000-0x00000000000fffff] reserved
[    0.000000] BIOS-e820: [mem 0x0000000000100000-0x00000000dffeffff] usable
[    0.000000] BIOS-e820: [mem 0x00000000dfff0000-0x00000000dfffffff] ACPI data
[    0.000000] BIOS-e820: [mem 0x00000000fec00000-0x00000000fec00fff] reserved
[    0.000000] BIOS-e820: [mem 0x00000000fee00000-0x00000000fee00fff] reserved
[    0.000000] BIOS-e820: [mem 0x00000000fffc0000-0x00000000ffffffff] reserved
[    0.000000] BIOS-e820: [mem 0x0000000100000000-0x000000011fffffff] usable
[    0.000000] NX (Execute Disable) protection: active
[    0.000000] SMBIOS 2.5 present.
[    0.000000] DMI: innotek GmbH VirtualBox/VirtualBox, BIOS VirtualBox 12/01/2006
[    0.000000] Hypervisor detected: KVM
[    0.000000] e820: last_pfn = 0x120000 max_arch_pfn = 0x400000000
[    0.000000] MTRR: Disabled
[    0.000000] x86/PAT: MTRRs disabled, skipping PAT initialization too.
[    0.000000] CPU MTRRs all blank - virtualized system.
[    0.000000] x86/PAT: Configuration [0-7]: WB  WT  UC- UC  WB  WT  UC- UC  
[    0.000000] e820: last_pfn = 0xdfff0 max_arch_pfn = 0x400000000
[    0.000000] found SMP MP-table at [mem 0x0009fff0-0x0009ffff]
[    0.000000] Scanning 1 areas for low memory corruption
[    0.000000] RAMDISK: [mem 0x359cf000-0x36cdefff]
[    0.000000] ACPI: Early table checksum verification disabled
[    0.000000] ACPI: RSDP 0x00000000000E0000 000024 (v02 VBOX  )
[    0.000000] ACPI: XSDT 0x00000000DFFF0030 00003C (v01 VBOX   VBOXXSDT 00000001 ASL  00000061)
[    0.000000] ACPI: FACP 0x00000000DFFF00F0 0000F4 (v04 VBOX   VBOXFACP 00000001 ASL  00000061)
[    0.000000] ACPI: DSDT 0x00000000DFFF0470 002325 (v02 VBOX   VBOXBIOS 00000002 INTL 20100528)
[    0.000000] ACPI: FACS 0x00000000DFFF0200 000040
[    0.000000] ACPI: FACS 0x00000000DFFF0200 000040
[    0.000000] ACPI: APIC 0x00000000DFFF0240 00005C (v02 VBOX   VBOXAPIC 00000001 ASL  00000061)
[    0.000000] ACPI: SSDT 0x00000000DFFF02A0 0001CC (v01 VBOX   VBOXCPUT 00000002 INTL 20100528)
[    0.000000] No NUMA configuration found
[    0.000000] Faking a node at [mem 0x0000000000000000-0x000000011fffffff]
[    0.000000] NODE_DATA(0) allocated [mem 0x11ffd1000-0x11fffbfff]
[    0.000000] kvm-clock: cpu 0, msr 1:1ff50001, primary cpu clock
[    0.000000] kvm-clock: Using msrs 4b564d01 and 4b564d00
[    0.000000] kvm-clock: using sched offset of 3427835128 cycles
[    0.000000] clocksource: kvm-clock: mask: 0xffffffffffffffff max_cycles: 0x1cd42e4dffb, max_idle_ns: 881590591483 ns
[    0.000000] Zone ranges:
[    0.000000]   DMA      [mem 0x0000000000001000-0x0000000000ffffff]
[    0.000000]   DMA32    [mem 0x0000000001000000-0x00000000ffffffff]
[    0.000000]   Normal   [mem 0x0000000100000000-0x000000011fffffff]
[    0.000000]   Device   empty
[    0.000000] Movable zone start for each node
[    0.000000] Early memory node ranges
[    0.000000]   node   0: [mem 0x0000000000001000-0x000000000009efff]
[    0.000000]   node   0: [mem 0x0000000000100000-0x00000000dffeffff]
[    0.000000]   node   0: [mem 0x0000000100000000-0x000000011fffffff]
[    0.000000] Reserved but unavailable: 98 pages
[    0.000000] Initmem setup node 0 [mem 0x0000000000001000-0x000000011fffffff]
[    0.000000] ACPI: PM-Timer IO Port: 0x4008
[    0.000000] IOAPIC[0]: apic_id 2, version 32, address 0xfec00000, GSI 0-23
[    0.000000] ACPI: INT_SRC_OVR (bus 0 bus_irq 0 global_irq 2 dfl dfl)
[    0.000000] ACPI: INT_SRC_OVR (bus 0 bus_irq 9 global_irq 9 low level)
[    0.000000] Using ACPI (MADT) for SMP configuration information
[    0.000000] smpboot: Allowing 2 CPUs, 0 hotplug CPUs
[    0.000000] PM: Registered nosave memory: [mem 0x00000000-0x00000fff]
[    0.000000] PM: Registered nosave memory: [mem 0x0009f000-0x0009ffff]
[    0.000000] PM: Registered nosave memory: [mem 0x000a0000-0x000effff]
[    0.000000] PM: Registered nosave memory: [mem 0x000f0000-0x000fffff]
[    0.000000] PM: Registered nosave memory: [mem 0xdfff0000-0xdfffffff]
[    0.000000] PM: Registered nosave memory: [mem 0xe0000000-0xfebfffff]
[    0.000000] PM: Registered nosave memory: [mem 0xfec00000-0xfec00fff]
[    0.000000] PM: Registered nosave memory: [mem 0xfec01000-0xfedfffff]
[    0.000000] PM: Registered nosave memory: [mem 0xfee00000-0xfee00fff]
[    0.000000] PM: Registered nosave memory: [mem 0xfee01000-0xfffbffff]
[    0.000000] PM: Registered nosave memory: [mem 0xfffc0000-0xffffffff]
[    0.000000] e820: [mem 0xe0000000-0xfebfffff] available for PCI devices
[    0.000000] Booting paravirtualized kernel on KVM
[    0.000000] clocksource: refined-jiffies: mask: 0xffffffff max_cycles: 0xffffffff, max_idle_ns: 7645519600211568 ns
[    0.000000] random: get_random_bytes called from start_kernel+0x99/0x500 with crng_init=0
[    0.000000] setup_percpu: NR_CPUS:8192 nr_cpumask_bits:2 nr_cpu_ids:2 nr_node_ids:1
[    0.000000] percpu: Embedded 45 pages/cpu s147456 r8192 d28672 u1048576
[    0.000000] PV qspinlock hash table entries: 256 (order: 0, 4096 bytes)
[    0.000000] Built 1 zonelists, mobility grouping on.  Total pages: 1032057
[    0.000000] Policy zone: Normal
[    0.000000] Kernel command line: BOOT_IMAGE=/boot/vmlinuz-4.15.0-142-generic root=LABEL=cloudimg-rootfs ro console=tty1 console=ttyS0
[    0.000000] Memory: 4013328K/4193848K available (12300K kernel code, 2483K rwdata, 4316K rodata, 2444K init, 2724K bss, 180520K reserved, 0K cma-reserved)
[    0.000000] SLUB: HWalign=64, Order=0-3, MinObjects=0, CPUs=2, Nodes=1
[    0.000000] ftrace: allocating 39434 entries in 155 pages
[    0.004000] Hierarchical RCU implementation.
[    0.004000] 	RCU restricting CPUs from NR_CPUS=8192 to nr_cpu_ids=2.
[    0.004000] 	Tasks RCU enabled.
[    0.004000] RCU: Adjusting geometry for rcu_fanout_leaf=16, nr_cpu_ids=2
[    0.004000] NR_IRQS: 524544, nr_irqs: 440, preallocated irqs: 16
[    0.004000] Console: colour VGA+ 80x25
[    0.004000] console [tty1] enabled
[    0.004000] console [ttyS0] enabled
[    0.004000] ACPI: Core revision 20170831
[    0.004000] ACPI: 2 ACPI AML tables successfully acquired and loaded
[    0.004000] APIC: Switch to symmetric I/O mode setup
[    0.004000] x2apic enabled
[    0.004000] Switched APIC routing to physical x2apic.
[    0.004000] ..TIMER: vector=0x30 apic1=0 pin1=2 apic2=-1 pin2=-1
[    0.004005] tsc: Detected 2304.004 MHz processor
[    0.004716] Calibrating delay loop (skipped) preset value.. 4608.00 BogoMIPS (lpj=9216016)
[    0.005365] pid_max: default: 32768 minimum: 301
[    0.006155] Security Framework initialized
[    0.008006] Yama: becoming mindful.
[    0.009219] AppArmor: AppArmor initialized
[    0.016301] Dentry cache hash table entries: 524288 (order: 10, 4194304 bytes)
[    0.024082] Inode-cache hash table entries: 262144 (order: 9, 2097152 bytes)
[    0.028072] Mount-cache hash table entries: 8192 (order: 4, 65536 bytes)
[    0.032082] Mountpoint-cache hash table entries: 8192 (order: 4, 65536 bytes)
[    0.036427] Last level iTLB entries: 4KB 64, 2MB 8, 4MB 8
[    0.037706] Last level dTLB entries: 4KB 64, 2MB 0, 4MB 0, 1GB 4
[    0.040038] Spectre V1 : Mitigation: usercopy/swapgs barriers and __user pointer sanitization
[    0.042433] Spectre V2 : Mitigation: Full generic retpoline
[    0.044011] Spectre V2 : Spectre v2 / SpectreRSB mitigation: Filling RSB on context switch
[    0.048047] Speculative Store Bypass: Vulnerable
[    0.049170] SRBDS: Mitigation: TSX disabled
[    0.050682] Freeing SMP alternatives memory: 36K
[    0.163337] smpboot: CPU0: Intel(R) Core(TM) i7-10510U CPU @ 1.80GHz (family: 0x6, model: 0x8e, stepping: 0xc)
[    0.164000] Performance Events: unsupported p6 CPU model 142 no PMU driver, software events only.
[    0.164000] Hierarchical SRCU implementation.
[    0.164148] NMI watchdog: Perf event create on CPU 0 failed with -2
[    0.164878] NMI watchdog: Perf NMI watchdog permanently disabled
[    0.165614] smp: Bringing up secondary CPUs ...
[    0.168024] x86: Booting SMP configuration:
[    0.168574] .... node  #0, CPUs:      #1
[    0.004000] kvm-clock: cpu 1, msr 1:1ff50041, secondary cpu clock
[    0.171793] smp: Brought up 1 node, 2 CPUs
[    0.172011] smpboot: Max logical packages: 1
[    0.172728] smpboot: Total of 2 processors activated (9216.01 BogoMIPS)
[    0.174030] devtmpfs: initialized
[    0.174030] x86/mm: Memory block size: 128MB
[    0.174030] evm: security.selinux
[    0.176003] evm: security.SMACK64
[    0.176438] evm: security.SMACK64EXEC
[    0.176891] evm: security.SMACK64TRANSMUTE
[    0.177403] evm: security.SMACK64MMAP
[    0.177857] evm: security.apparmor
[    0.178297] evm: security.ima
[    0.178685] evm: security.capability
[    0.179176] clocksource: jiffies: mask: 0xffffffff max_cycles: 0xffffffff, max_idle_ns: 7645041785100000 ns
[    0.180007] futex hash table entries: 512 (order: 3, 32768 bytes)
[    0.180752] pinctrl core: initialized pinctrl subsystem
[    0.181453] RTC time: 21:36:26, date: 04/23/21
[    0.182097] NET: Registered protocol family 16
[    0.182694] audit: initializing netlink subsys (disabled)
[    0.184020] audit: type=2000 audit(1619213792.373:1): state=initialized audit_enabled=0 res=1
[    0.185065] cpuidle: using governor ladder
[    0.185065] cpuidle: using governor menu
[    0.185074] ACPI: bus type PCI registered
[    0.185596] acpiphp: ACPI Hot Plug PCI Controller Driver version: 0.5
[    0.186456] PCI: Using configuration type 1 for base access
[    0.188702] HugeTLB registered 2.00 MiB page size, pre-allocated 0 pages
[    0.188973] ACPI: Added _OSI(Module Device)
[    0.188973] ACPI: Added _OSI(Processor Device)
[    0.189239] ACPI: Added _OSI(3.0 _SCP Extensions)
[    0.192005] ACPI: Added _OSI(Processor Aggregator Device)
[    0.192656] ACPI: Added _OSI(Linux-Dell-Video)
[    0.193302] ACPI: Added _OSI(Linux-Lenovo-NV-HDMI-Audio)
[    0.193992] ACPI: Added _OSI(Linux-HPI-Hybrid-Graphics)
[    0.194857] ACPI: Executed 1 blocks of module-level executable AML code
[    0.197937] ACPI: Interpreter enabled
[    0.198445] ACPI: (supports S0 S5)
[    0.198879] ACPI: Using IOAPIC for interrupt routing
[    0.199659] PCI: Using host bridge windows from ACPI; if necessary, use "pci=nocrs" and report a bug
[    0.200127] ACPI: Enabled 2 GPEs in block 00 to 07
[    0.206254] ACPI: PCI Root Bridge [PCI0] (domain 0000 [bus 00-ff])
[    0.207095] acpi PNP0A03:00: _OSC: OS supports [ASPM ClockPM Segments MSI]
[    0.208411] acpi PNP0A03:00: _OSC: not requesting OS control; OS requires [ExtendedConfig ASPM ClockPM MSI]
[    0.209731] acpi PNP0A03:00: fail to add MMCONFIG information, can't access extended PCI configuration space under this bridge.
[    0.212112] PCI host bridge to bus 0000:00
[    0.212683] pci_bus 0000:00: root bus resource [io  0x0000-0x0cf7 window]
[    0.214092] pci_bus 0000:00: root bus resource [io  0x0d00-0xffff window]
[    0.215020] pci_bus 0000:00: root bus resource [mem 0x000a0000-0x000bffff window]
[    0.216000] pci_bus 0000:00: root bus resource [mem 0xe0000000-0xfdffffff window]
[    0.216003] pci_bus 0000:00: root bus resource [bus 00-ff]
[    0.218329] pci 0000:00:01.1: legacy IDE quirk: reg 0x10: [io  0x01f0-0x01f7]
[    0.219258] pci 0000:00:01.1: legacy IDE quirk: reg 0x14: [io  0x03f6]
[    0.220003] pci 0000:00:01.1: legacy IDE quirk: reg 0x18: [io  0x0170-0x0177]
[    0.220951] pci 0000:00:01.1: legacy IDE quirk: reg 0x1c: [io  0x0376]
[    0.274424] pci 0000:00:07.0: quirk: [io  0x4000-0x403f] claimed by PIIX4 ACPI
[    0.276019] pci 0000:00:07.0: quirk: [io  0x4100-0x410f] claimed by PIIX4 SMB
[    0.296591] ACPI: PCI Interrupt Link [LNKA] (IRQs 5 9 10 *11)
[    0.298107] ACPI: PCI Interrupt Link [LNKB] (IRQs 5 9 *10 11)
[    0.299283] ACPI: PCI Interrupt Link [LNKC] (IRQs 5 *9 10 11)
[    0.300111] ACPI: PCI Interrupt Link [LNKD] (IRQs 5 9 10 *11)
[    0.301388] SCSI subsystem initialized
[    0.302224] pci 0000:00:02.0: vgaarb: setting as boot VGA device
[    0.302224] pci 0000:00:02.0: vgaarb: VGA device added: decodes=io+mem,owns=io+mem,locks=none
[    0.304011] pci 0000:00:02.0: vgaarb: bridge control possible
[    0.304805] vgaarb: loaded
[    0.305232] ACPI: bus type USB registered
[    0.305813] usbcore: registered new interface driver usbfs
[    0.306577] usbcore: registered new interface driver hub
[    0.307378] usbcore: registered new device driver usb
[    0.308049] EDAC MC: Ver: 3.0.0
[    0.308734] PCI: Using ACPI for IRQ routing
[    0.309018] NetLabel: Initializing
[    0.309600] NetLabel:  domain hash size = 128
[    0.310253] NetLabel:  protocols = UNLABELED CIPSOv4 CALIPSO
[    0.312026] NetLabel:  unlabeled traffic allowed by default
[    0.312880] clocksource: Switched to clocksource kvm-clock
[    0.332885] VFS: Disk quotas dquot_6.6.0
[    0.333538] VFS: Dquot-cache hash table entries: 512 (order 0, 4096 bytes)
[    0.334650] AppArmor: AppArmor Filesystem Enabled
[    0.335445] pnp: PnP ACPI init
[    0.336943] pnp: PnP ACPI: found 3 devices
[    0.346715] clocksource: acpi_pm: mask: 0xffffff max_cycles: 0xffffff, max_idle_ns: 2085701024 ns
[    0.348059] NET: Registered protocol family 2
[    0.349148] TCP established hash table entries: 32768 (order: 6, 262144 bytes)
[    0.350281] TCP bind hash table entries: 32768 (order: 7, 524288 bytes)
[    0.351314] TCP: Hash tables configured (established 32768 bind 32768)
[    0.352390] UDP hash table entries: 2048 (order: 4, 65536 bytes)
[    0.353407] UDP-Lite hash table entries: 2048 (order: 4, 65536 bytes)
[    0.354392] NET: Registered protocol family 1
[    0.355039] pci 0000:00:00.0: Limiting direct PCI/PCI transfers
[    0.355975] pci 0000:00:01.0: Activating ISA DMA hang workarounds
[    0.356941] pci 0000:00:02.0: Video device with shadowed ROM at [mem 0x000c0000-0x000dffff]
[    0.358290] Unpacking initramfs...
[    0.685920] Freeing initrd memory: 19520K
[    0.686975] PCI-DMA: Using software bounce buffering for IO (SWIOTLB)
[    0.688695] software IO TLB: mapped [mem 0xdbff0000-0xdfff0000] (64MB)
[    0.690288] clocksource: tsc: mask: 0xffffffffffffffff max_cycles: 0x2135fb8e938, max_idle_ns: 440795220508 ns
[    0.692133] platform rtc_cmos: registered platform RTC device (no PNP device found)
[    0.693336] Scanning for low memory corruption every 60 seconds
[    0.694733] Initialise system trusted keyrings
[    0.695459] Key type blacklist registered
[    0.696207] workingset: timestamp_bits=36 max_order=20 bucket_order=0
[    0.698021] zbud: loaded
[    0.698929] squashfs: version 4.0 (2009/01/31) Phillip Lougher
[    0.700023] fuse init (API version 7.26)
[    0.705670] Key type asymmetric registered
[    0.706396] Asymmetric key parser 'x509' registered
[    0.707236] Block layer SCSI generic (bsg) driver version 0.4 loaded (major 246)
[    0.708490] io scheduler noop registered
[    0.709135] io scheduler deadline registered
[    0.709861] io scheduler cfq registered (default)
[    0.710856] ACPI: AC Adapter [AC] (on-line)
[    0.711663] input: Power Button as /devices/LNXSYSTM:00/LNXPWRBN:00/input/input0
[    0.712881] ACPI: Power Button [PWRF]
[    0.713582] input: Sleep Button as /devices/LNXSYSTM:00/LNXSLPBN:00/input/input1
[    0.714718] ACPI: Sleep Button [SLPF]
[    0.715674] Serial: 8250/16550 driver, 32 ports, IRQ sharing enabled
[    0.716514] ACPI: Battery Slot [BAT0] (battery present)
[    0.737983] 00:02: ttyS0 at I/O 0x3f8 (irq = 4, base_baud = 115200) is a 16550A
[    0.740268] Linux agpgart interface v0.103
[    0.742016] loop: module loaded
[    0.743113] scsi host0: ata_piix
[    0.743692] scsi host1: ata_piix
[    0.744279] ata1: PATA max UDMA/33 cmd 0x1f0 ctl 0x3f6 bmdma 0xd000 irq 14
[    0.745202] ata2: PATA max UDMA/33 cmd 0x170 ctl 0x376 bmdma 0xd008 irq 15
[    0.746591] libphy: Fixed MDIO Bus: probed
[    0.747233] tun: Universal TUN/TAP device driver, 1.6
[    0.748006] PPP generic driver version 2.4.2
[    0.748763] ehci_hcd: USB 2.0 'Enhanced' Host Controller (EHCI) Driver
[    0.749785] ehci-pci: EHCI PCI platform driver
[    0.750523] ehci-platform: EHCI generic platform driver
[    0.751321] ohci_hcd: USB 1.1 'Open' Host Controller (OHCI) Driver
[    0.752242] ohci-pci: OHCI PCI platform driver
[    0.752945] ohci-platform: OHCI generic platform driver
[    0.753729] uhci_hcd: USB Universal Host Controller Interface driver
[    0.754777] i8042: PNP: PS/2 Controller [PNP0303:PS2K,PNP0f03:PS2M] at 0x60,0x64 irq 1,12
[    0.756623] serio: i8042 KBD port at 0x60,0x64 irq 1
[    0.757509] serio: i8042 AUX port at 0x60,0x64 irq 12
[    0.758465] mousedev: PS/2 mouse device common for all mice
[    0.759945] input: AT Translated Set 2 keyboard as /devices/platform/i8042/serio0/input/input2
[    0.762086] rtc_cmos rtc_cmos: rtc core: registered rtc_cmos as rtc0
[    0.763067] rtc_cmos rtc_cmos: alarms up to one day, 114 bytes nvram
[    0.764013] i2c /dev entries driver
[    0.764675] device-mapper: uevent: version 1.0.3
[    0.765665] device-mapper: ioctl: 4.37.0-ioctl (2017-09-20) initialised: dm-devel@redhat.com
[    0.766950] ledtrig-cpu: registered to indicate activity on CPUs
[    0.771080] NET: Registered protocol family 10
[    0.774491] Segment Routing with IPv6
[    0.775070] NET: Registered protocol family 17
[    0.775829] Key type dns_resolver registered
[    0.776729] mce: Using 0 MCE banks
[    0.777302] RAS: Correctable Errors collector initialized.
[    0.778232] sched_clock: Marking stable (776703872, 0)->(1110239338, -333535466)
[    0.779929] registered taskstats version 1
[    0.780677] Loading compiled-in X.509 certificates
[    0.783205] Loaded X.509 cert 'Build time autogenerated kernel key: 028139f94c642d40642d50ab098c4e7b0aebaa81'
[    0.785046] Loaded X.509 cert 'Canonical Ltd. Live Patch Signing: 14df34d1a87cf37625abec039ef2bf521249b969'
[    0.786936] Loaded X.509 cert 'Canonical Ltd. Kernel Module Signing: 88f752e560a1e0737e31163a466ad7b70a850c19'
[    0.788532] zswap: loaded using pool lzo/zbud
[    0.791788] Key type big_key registered
[    0.792379] Key type trusted registered
[    0.793966] Key type encrypted registered
[    0.794508] AppArmor: AppArmor sha1 policy hashing enabled
[    0.795310] ima: No TPM chip found, activating TPM-bypass! (rc=-19)
[    0.796116] ima: Allocated hash algorithm: sha1
[    0.796802] evm: HMAC attrs: 0x1
[    0.797414]   Magic number: 1:526:652
[    0.798081] rtc_cmos rtc_cmos: setting system clock to 2021-04-23 21:36:27 UTC (1619213787)
[    0.799252] BIOS EDD facility v0.16 2004-Jun-25, 0 devices found
[    0.799956] EDD information not available.
[    0.936074] Freeing unused kernel image memory: 2444K
[    1.114916] Write protecting the kernel read-only data: 20480k
[    1.117960] Freeing unused kernel image memory: 2008K
[    1.119456] Freeing unused kernel image memory: 1828K
[    1.131355] x86/mm: Checked W+X mappings: passed, no W+X pages found.
Loading, please wait...
starting version 237
[    1.210280] Fusion MPT base driver 3.04.20
[    1.211637] Copyright (c) 1999-2008 LSI Corporation
[    1.227270] Fusion MPT SPI Host driver 3.04.20
[    1.237271] AVX2 version of gcm_enc/dec engaged.
[    1.238487] AES CTR mode by8 optimization enabled
[    1.240120] mptbase: ioc0: Initiating bringup
[    1.243958] e1000: Intel(R) PRO/1000 Network Driver - version 7.3.21-k8-NAPI
[    1.247982] e1000: Copyright (c) 1999-2006 Intel Corporation.
[    1.444662] input: ImExPS/2 Generic Explorer Mouse as /devices/platform/i8042/serio1/input/input4
[    1.448319] ioc0: LSI53C1030 A0: Capabilities={Initiator}
[    3.242973] scsi host2: ioc0: LSI53C1030 A0, FwRev=00000000h, Ports=1, MaxQ=256, IRQ=20
[    4.840843] scsi 2:0:0:0: Direct-Access     VBOX     HARDDISK         1.0  PQ: 0 ANSI: 5
[    4.875934] scsi target2:0:0: Beginning Domain Validation
[    4.939934] scsi target2:0:0: Domain Validation skipping write tests
[    4.941098] scsi target2:0:0: Ending Domain Validation
[    4.950425] scsi target2:0:0: asynchronous
[    4.964296] scsi 2:0:1:0: Direct-Access     VBOX     HARDDISK         1.0  PQ: 0 ANSI: 5
[    5.192109] scsi target2:0:1: Beginning Domain Validation
[    5.194084] random: fast init done
[    5.194958] scsi target2:0:1: Domain Validation skipping write tests
[    5.195778] scsi target2:0:1: Ending Domain Validation
[    5.196508] scsi target2:0:1: asynchronous
[    5.200430] random: systemd-udevd: uninitialized urandom read (16 bytes read)
[    5.200503] sd 2:0:0:0: Attached scsi generic sg0 type 0
[    5.201614] sd 2:0:0:0: [sda] 83886080 512-byte logical blocks: (42.9 GB/40.0 GiB)
[    5.202330] sd 2:0:1:0: Attached scsi generic sg1 type 0
[    5.203798] sd 2:0:0:0: [sda] Write Protect is off
[    5.205193] sd 2:0:0:0: [sda] Incomplete mode parameter data
[    5.205202] sd 2:0:1:0: [sdb] 20480 512-byte logical blocks: (10.5 MB/10.0 MiB)
[    5.205915] sd 2:0:0:0: [sda] Assuming drive cache: write through
[    5.207647] sd 2:0:1:0: [sdb] Write Protect is off
[    5.207685] random: systemd-udevd: uninitialized urandom read (16 bytes read)
[    5.209265] random: systemd-udevd: uninitialized urandom read (16 bytes read)
[    5.210218] sd 2:0:1:0: [sdb] Incomplete mode parameter data
[    5.211109] sd 2:0:1:0: [sdb] Assuming drive cache: write through
[    5.214864] sd 2:0:1:0: [sdb] Attached SCSI disk
[    5.223096] e1000 0000:00:03.0 eth0: (PCI:33MHz:32-bit) 02:f3:7b:02:da:50
[    5.223969] e1000 0000:00:03.0 eth0: Intel(R) PRO/1000 Network Connection
[    5.224050]  sda: sda1
[    5.226303] sd 2:0:0:0: [sda] Attached SCSI disk
[    5.226439] e1000 0000:00:03.0 enp0s3: renamed from eth0
Begin: Loading essential drivers ... [    6.712082] raid6: sse2x1   gen() 10442 MB/s
[    6.760085] raid6: sse2x1   xor()  5885 MB/s
[    6.808123] raid6: sse2x2   gen() 14332 MB/s
[    6.856096] raid6: sse2x2   xor()  8806 MB/s
[    6.904137] raid6: sse2x4   gen() 13559 MB/s
[    6.952052] raid6: sse2x4   xor()  7132 MB/s
[    7.000120] raid6: avx2x1   gen() 16643 MB/s
[    7.048103] raid6: avx2x1   xor() 12578 MB/s
[    7.096085] raid6: avx2x2   gen() 26700 MB/s
[    7.144078] raid6: avx2x2   xor() 16994 MB/s
[    7.192114] raid6: avx2x4   gen() 28736 MB/s
[    7.240081] raid6: avx2x4   xor() 16755 MB/s
[    7.240887] raid6: using algorithm avx2x4 gen() 28736 MB/s
[    7.241912] raid6: .... xor() 16755 MB/s, rmw enabled
[    7.242785] raid6: using avx2x2 recovery algorithm
[    7.244723] xor: automatically using best checksumming function   avx       
[    7.246703] async_tx: api initialized (async)
done.
Begin: Running /scripts/init-premount ... done.
Begin: Mounting root file system ... Begin: Running /scripts/local-top ... done.
Begin: Running /scripts/local-premount ... [    7.286883] Btrfs loaded, crc32c=crc32c-intel
Scanning for Btrfs filesystems
done.
Warning: fsck not present, so skipping root file system
[    7.308016] EXT4-fs (sda1): mounted filesystem with ordered data mode. Opts: (null)
done.
Begin: Running /scripts/local-bottom ... done.
Begin: Running /scripts/init-bottom ... done.
[    7.438843] ip_tables: (C) 2000-2006 Netfilter Core Team
[    7.444349] systemd[1]: systemd 237 running in system mode. (+PAM +AUDIT +SELINUX +IMA +APPARMOR +SMACK +SYSVINIT +UTMP +LIBCRYPTSETUP +GCRYPT +GNUTLS +ACL +XZ +LZ4 +SECCOMP +BLKID +ELFUTILS +KMOD -IDN2 +IDN -PCRE2 default-hierarchy=hybrid)
[    7.446827] systemd[1]: Detected virtualization oracle.
[    7.447494] systemd[1]: Detected architecture x86-64.

Welcome to [1mUbuntu 18.04.5 LTS[0m!

[    7.454073] systemd[1]: Set hostname to <ubuntu>.
[    7.456407] systemd[1]: Initializing machine ID from random generator.
[    7.457249] systemd[1]: Installed transient /etc/machine-id file.
[    7.643401] systemd[1]: Reached target System Time Synchronized.
[[0;32m  OK  [0m] Reached target System Time Synchronized.
[    7.644805] systemd[1]: Set up automount Arbitrary Executable File Formats File System Automount Point.
[[0;32m  OK  [0m] Set up automount Arbitrary Executab…rmats File System Automount Point.
[    7.647803] systemd[1]: Created slice System Slice.
[[0;32m  OK  [0m] Created slice System Slice.
[    7.648973] systemd[1]: Listening on Journal Audit Socket.
[[0;32m  OK  [0m] Listening on Journal Audit Socket.
[[0;32m  OK  [0m] Listening on Journal Socket.
         Mounting Huge Pages File System...
[[0;32m  OK  [0m] Listening on udev Control Socket.
[[0;32m  OK  [0m] Listening on Syslog Socket.
[[0;32m  OK  [0m] Listening on /dev/initctl Compatibility Named Pipe.
[[0;32m  OK  [0m] Listening on udev Kernel Socket.
         Starting udev Coldplug all Devices...
         Mounting POSIX Message Queue File System...
         Starting Load Kernel Modules...
         Mounting Kernel Debug File System...
[[0;32m  OK  [0m] Started Forward Password Requests to Wall Directory Watch.
         Starting Create list of required st…ce nodes for the current kernel...
[[0;32m  OK  [0m] Listening on LVM2 metadata daemon socket.
         Starting Set the console keyboard layout...
[[0;32m  OK  [0m] Listening on Device-mapper event daemon FIFOs.
         Starting Monitoring of LVM2 mirrors…ng dmeventd or progress polling...
[    7.677103] Loading iSCSI transport class v2.0-870.
[    7.682489] iscsi: registered transport (tcp)
[    7.697113] iscsi: registered transport (iser)
[[0;32m  OK  [0m] Created slice system-serial\x2dgetty.slice.
[[0;32m  OK  [0m] Listening on Journal Socket (/dev/log).
         Starting Journal Service...
[[0;32m  OK  [0m] Reached target User and Group Name Lookups.
[[0;32m  OK  [0m] Listening on fsck to fsckd communication Socket.
         Starting File System Check on Root Device...
         Starting Uncomplicated firewall...
[[0;32m  OK  [0m] Created slice User and Session Slice.
[[0;32m  OK  [0m] Reached target Slices.
[[0;32m  OK  [0m] Reached target Swap.
[[0;32m  OK  [0m] Listening on LVM2 poll daemon socket.
[[0;32m  OK  [0m] Listening on Network Service Netlink Socket.
[[0;32m  OK  [0m] Mounted Huge Pages File System.
[[0;32m  OK  [0m] Mounted POSIX Message Queue File System.
[[0;32m  OK  [0m] Started Load Kernel Modules.
[[0;32m  OK  [0m] Mounted Kernel Debug File System.
[[0;32m  OK  [0m] Started Create list of required sta…vice nodes for the current kernel.
[[0;32m  OK  [0m] Started LVM2 metadata daemon.
         Starting Create Static Device Nodes in /dev...
         Mounting Kernel Configuration File System...
         Mounting FUSE Control File System...
         Starting Apply Kernel Variables...
[[0;32m  OK  [0m] Mounted Kernel Configuration File System.
[[0;32m  OK  [0m] Mounted FUSE Control File System.
[[0;32m  OK  [0m] Started File System Check Daemon to report status.
[[0;32m  OK  [0m] Started Uncomplicated firewall.
[[0;32m  OK  [0m] Started Journal Service.
[[0;32m  OK  [0m] Started Create Static Device Nodes in /dev.
[[0;32m  OK  [0m] Started udev Coldplug all Devices.
[[0;32m  OK  [0m] Started File System Check on Root Device.
         Starting Remount Root and Kernel File Systems...
[[0;32m  OK  [0m] Started Monitoring of LVM2 mirrors,…sing dmeventd or progress polling.
[[0;32m  OK  [0m] Started Apply Kernel Variables.
[[0;32m  OK  [0m] Started Remount Root and Kernel File Systems.
         Starting udev Kernel Device Manager...
         Starting Flush Journal to Persistent Storage...
         Starting Load/Save Random Seed...
[[0;32m  OK  [0m] Started udev Kernel Device Manager.
[[0;32m  OK  [0m] Started Load/Save Random Seed.
[[0;32m  OK  [0m] Started Flush Journal to Persistent Storage.
[[0;32m  OK  [0m] Started Set the console keyboard layout.
[[0;32m  OK  [0m] Started Dispatch Password Requests to Console Directory Watch.
[[0;32m  OK  [0m] Reached target Local Encrypted Volumes.
[[0;32m  OK  [0m] Reached target Local File Systems (Pre).
[[0;32m  OK  [0m] Reached target Local File Systems.
         Starting Tell Plymouth To Write Out Runtime Data...
         Starting ebtables ruleset management...
         Starting Create Volatile Files and Directories...
         Starting AppArmor initialization...
         Starting Set console font and keymap...
         Starting Commit a transient machine-id on disk...
[[0;32m  OK  [0m] Started Set console font and keymap.
[[0;32m  OK  [0m] Started Tell Plymouth To Write Out Runtime Data.
[[0;32m  OK  [0m] Started Create Volatile Files and Directories.
         Starting Update UTMP about System Boot/Shutdown...
[[0;32m  OK  [0m] Started Update UTMP about System Boot/Shutdown.
[[0;32m  OK  [0m] Started Commit a transient machine-id on disk.
[[0;32m  OK  [0m] Started ebtables ruleset management.
[[0;32m  OK  [0m] Found device /dev/ttyS0.
[[0;32m  OK  [0m] Listening on Load/Save RF Kill Switch Status /dev/rfkill Watch.
[[0;32m  OK  [0m] Started AppArmor initialization.
         Starting Load AppArmor profiles managed internally by snapd...
         Starting Initial cloud-init job (pre-networking)...
[[0;32m  OK  [0m] Started Load AppArmor profiles managed internally by snapd.
[    9.790247] cloud-init[563]: Cloud-init v. 21.1-19-gbad84ad4-0ubuntu1~18.04.1 running 'init-local' at Fri, 23 Apr 2021 21:36:36 +0000. Up 9.48 seconds.
[[0;32m  OK  [0m] Started Initial cloud-init job (pre-networking).
[[0;32m  OK  [0m] Reached target Network (Pre).
         Starting Network Service...
[[0;32m  OK  [0m] Started Network Service.
         Starting Wait for Network to be Configured...
         Starting Network Name Resolution...
[[0;32m  OK  [0m] Started Network Name Resolution.
[[0;32m  OK  [0m] Reached target Network.
[[0;32m  OK  [0m] Reached target Host and Network Name Lookups.
[[0;32m  OK  [0m] Started Wait for Network to be Configured.
         Starting Initial cloud-init job (metadata service crawler)...
[   11.540085] cloud-init[674]: Cloud-init v. 21.1-19-gbad84ad4-0ubuntu1~18.04.1 running 'init' at Fri, 23 Apr 2021 21:36:38 +0000. Up 11.40 seconds.
[   11.541378] cloud-init[674]: ci-info: ++++++++++++++++++++++++++++++++++++++Net device info++++++++++++++++++++++++++++++++++++++
[   11.542790] cloud-init[674]: ci-info: +--------+------+----------------------------+---------------+--------+-------------------+
[   11.543714] cloud-init[674]: ci-info: | Device |  Up  |          Address           |      Mask     | Scope  |     Hw-Address    |
[   11.544965] cloud-init[674]: ci-info: +--------+------+----------------------------+---------------+--------+-------------------+
[   11.546164] cloud-init[674]: ci-info: | enp0s3 | True |         10.0.2.15          | 255.255.255.0 | global | 02:f3:7b:02:da:50 |
[   11.547520] cloud-init[674]: ci-info: | enp0s3 | True | fe80::f3:7bff:fe02:da50/64 |       .       |  link  | 02:f3:7b:02:da:50 |
[   11.548842] cloud-init[674]: ci-info: |   lo   | True |         127.0.0.1          |   255.0.0.0   |  host  |         .         |
[   11.550068] cloud-init[674]: ci-info: |   lo   | True |          ::1/128           |       .       |  host  |         .         |
[   11.551133] cloud-init[674]: ci-info: +--------+------+----------------------------+---------------+--------+-------------------+
[   11.564184] cloud-init[674]: ci-info: ++++++++++++++++++++++++++++Route IPv4 info+++++++++++++++++++++++++++++
[   11.565125] cloud-init[674]: ci-info: +-------+-------------+----------+-----------------+-----------+-------+
[   11.566144] cloud-init[674]: ci-info: | Route | Destination | Gateway  |     Genmask     | Interface | Flags |
[   11.567277] cloud-init[674]: ci-info: +-------+-------------+----------+-----------------+-----------+-------+
[   11.568333] cloud-init[674]: ci-info: |   0   |   0.0.0.0   | 10.0.2.2 |     0.0.0.0     |   enp0s3  |   UG  |
[   11.569420] cloud-init[674]: ci-info: |   1   |   10.0.2.0  | 0.0.0.0  |  255.255.255.0  |   enp0s3  |   U   |
[   11.570356] cloud-init[674]: ci-info: |   2   |   10.0.2.2  | 0.0.0.0  | 255.255.255.255 |   enp0s3  |   UH  |
[   11.571439] cloud-init[674]: ci-info: +-------+-------------+----------+-----------------+-----------+-------+
[   11.572323] cloud-init[674]: ci-info: +++++++++++++++++++Route IPv6 info+++++++++++++++++++
[   11.573180] cloud-init[674]: ci-info: +-------+-------------+---------+-----------+-------+
[   11.574119] cloud-init[674]: ci-info: | Route | Destination | Gateway | Interface | Flags |
[   11.585276] cloud-init[674]: ci-info: +-------+-------------+---------+-----------+-------+
[   11.596218] cloud-init[674]: ci-info: |   1   |  fe80::/64  |    ::   |   enp0s3  |   U   |
[   11.596950] cloud-init[674]: ci-info: |   3   |    local    |    ::   |   enp0s3  |   U   |
[   11.597803] cloud-init[674]: ci-info: |   4   |   ff00::/8  |    ::   |   enp0s3  |   U   |
[   11.598748] cloud-init[674]: ci-info: +-------+-------------+---------+-----------+-------+
[   12.217279] cloud-init[674]: Generating public/private rsa key pair.
[   12.228258] cloud-init[674]: Your identification has been saved in /etc/ssh/ssh_host_rsa_key.
[   12.229059] cloud-init[674]: Your public key has been saved in /etc/ssh/ssh_host_rsa_key.pub.
[   12.229910] cloud-init[674]: The key fingerprint is:
[   12.230393] cloud-init[674]: SHA256:nYrktiNeg5VoooEs8At8CpbxgL+EZ2AVp9TxUfEFWVw root@ubuntu-bionic
[   12.231248] cloud-init[674]: The key's randomart image is:
[   12.231773] cloud-init[674]: +---[RSA 2048]----+
[   12.232262] cloud-init[674]: |   +oo...o..=o.E |
[   12.232834] cloud-init[674]: |. o o.. . ....   |
[   12.233406] cloud-init[674]: |++ .   .   .     |
[   12.233983] cloud-init[674]: |*==  . . . .     |
[   12.234573] cloud-init[674]: |B=Boo + S o      |
[   12.235042] cloud-init[674]: |+Bo= = . .       |
[   12.235654] cloud-init[674]: |..o . * .        |
[   12.236437] cloud-init[674]: |    .o.o         |
[   12.237126] cloud-init[674]: |   .....         |
[   12.237778] cloud-init[674]: +----[SHA256]-----+
[   12.238417] cloud-init[674]: Generating public/private dsa key pair.
[   12.239413] cloud-init[674]: Your identification has been saved in /etc/ssh/ssh_host_dsa_key.
[   12.240289] cloud-init[674]: Your public key has been saved in /etc/ssh/ssh_host_dsa_key.pub.
[   12.241128] cloud-init[674]: The key fingerprint is:
[   12.241606] cloud-init[674]: SHA256:JFNbjm1QlIdEhEfeer6szo+1IB9Wub7wNDmSGuSPSmM root@ubuntu-bionic
[   12.242472] cloud-init[674]: The key's randomart image is:
[   12.256250] cloud-init[674]: +---[DSA 1024]----+
[   12.272295] cloud-init[674]: |        oOOo     |
[   12.272806] cloud-init[674]: |       ..O+..    |
[[0;32m  OK  [0m[   12.284203] cloud-init[674]: |      o +.=..    |
[   12.284440] cloud-init[674]: |       + . . .   |
[   12.284840] cloud-init[674]: |        S . +    |
[   12.285244] cloud-init[674]: |       o   = o   |
[   12.285621] cloud-init[674]: |      E + B O    |
] Started Initial cloud-init job (metadata service crawler).
[   12.285685] cloud-init[674]: |     o . X % =   |
[   12.286119] cloud-init[674]: |      ..o.BoO.   |
[   12.286537] cloud-init[674]: +----[SHA256]-----+
[   12.287087] cloud-init[674]: Generating public/private ecdsa key pair.
[   12.287463] cloud-init[674]: Your identification has been saved in /etc/ssh/ssh_host_ecdsa_key.
[   12.287862] cloud-init[674]: Your public key has been saved in /etc/ssh/ssh_host_ecdsa_key.pub.
[   12.288385] cloud-init[674]: The key fingerprint is:
[   12.288764] cloud-init[674]: SHA256:hZlhvTzwSRo2I1sAOn/9hLFQYL7Ra26n0Bpii5vEKkQ root@ubuntu-bionic
[   12.289144] cloud-init[674]: The key's randomart image is:
[   12.289413] cloud-init[674]: +---[ECDSA 256]---+
[   12.289830] cloud-init[674]: |    ..+o+.       |
[   12.290173] cloud-init[674]: |   . o.+B=o      |
[   12.290462] cloud-init[674]: |  o   +=*X.o     |
[   12.290806] cloud-init[674]: | E o  .=.**      |
[   12.291101] cloud-init[674]: |.   . o S ..     |
[   12.291421] cloud-init[674]: | o   . + o       |
[   12.291635] cloud-init[674]: |. o o o + o      |
[   12.292020] cloud-init[674]: |.o + o = o       |
[   12.292237] cloud-init[674]: |o +.. . .        |
[   12.292576] cloud-init[674]: +----[SHA256]-----+
[   12.292942] cloud-init[674]: Generating public/private ed25519 key pair.
[   12.293337] cloud-init[674]: Your identification has been saved in /etc/ssh/ssh_host_ed25519_key.
[   12.293707] cloud-init[674]: Your public key has been saved in /etc/ssh/ssh_host_ed25519_key.pub.
[   12.294215] cloud-init[674]: The key fingerprint is:
[   12.294559] cloud-init[674]: SHA256:JiKP3FqI2kPAW4X1LtS0Jj3dM6iR8iC5t/gOmSxjByI root@ubuntu-bionic
[   12.295039] cloud-init[674]: The key's randomart image is:
[   12.295276] cloud-init[674]: +--[ED25519 256]--+
[   12.295560] cloud-init[674]: |    o. .         |
[   12.295734] cloud-init[674]: |   ...= + o      |
[   12.296220] cloud-init[674]: |.  o.= X o +     |
[   12.296429] cloud-init[674]: |.. .+ B +   o    |
[   12.296758] cloud-init[674]: |Eo+..o.+S        |
[   12.297076] cloud-init[674]: |o++*=.oo         |
[   12.297292] cloud-init[674]: |.=+B+.           |
[   12.297668] cloud-init[674]: |o.=oo            |
[   12.298017] cloud-init[674]: |. o..o           |
[   12.298341] cloud-init[674]: +----[SHA256]-----+
[[0;32m  OK  [0m] Reached target Network is Online.
         Starting Availability of block devices...
[[0;32m  OK  [0m] Reached target Remote File Systems (Pre).
[[0;32m  OK  [0m] Reached target Remote File Systems.
[[0;32m  OK  [0m] Reached target System Initialization.
[[0;32m  OK  [0m] Started ACPI Events Check.
[[0;32m  OK  [0m] Listening on Open-iSCSI iscsid Socket.
         Starting Socket activation for snappy daemon.
[[0;32m  OK  [0m] Listening on D-Bus System Message Bus Socket.
[[0;32m  OK  [0m] Listening on UUID daemon activation socket.
[[0;32m  OK  [0m] Listening on ACPID Listen Socket.
[[0;32m  OK  [0m] Started Discard unused blocks once a week.
[[0;32m  OK  [0m] Started Message of the Day.
[[0;32m  OK  [0m] Started Daily Cleanup of Temporary Directories.
[[0;32m  OK  [0m] Started Daily apt download activities.
[[0;32m  OK  [0m] Started Daily apt upgrade and clean activities.
[[0;32m  OK  [0m] Reached target Timers.
[[0;32m  OK  [0m] Reached target Paths.
         Starting LXD - unix socket.
[[0;32m  OK  [0m] Reached target Cloud-config availability.
[[0;32m  OK  [0m] Started Availability of block devices.
[[0;32m  OK  [0m] Listening on Socket activation for snappy daemon.
[[0;32m  OK  [0m] Listening on LXD - unix socket.
[[0;32m  OK  [0m] Reached target Sockets.
[[0;32m  OK  [0m] Reached target Basic System.
         Starting Virtualbox guest utils...
         Starting Permit User Sessions...
         Starting Pollinate to seed the pseudo random number generator...
         Starting LSB: automatic crash report generation...
[[0;32m  OK  [0m] Started FUSE filesystem for LXC.
         Starting LSB: Record successful boot for GRUB...
         Starting System Logging Service...
         Starting Dispatcher daemon for systemd-networkd...
         Starting LXD - container startup/shutdown...
[[0;32m  OK  [0m] Started Regular background program processing daemon.
[[0;32m  OK  [0m] Started Deferred execution scheduler.
         Starting Accounts Service...
[[0;32m  OK  [0m] Started D-Bus System Message Bus.
[[0;32m  OK  [0m] Started irqbalance daemon.
         Starting Login Service...
         Starting Snap Daemon...
[[0;32m  OK  [0m] Started System Logging Service.
[[0;32m  OK  [0m] Started Permit User Sessions.
[[0;32m  OK  [0m] Started LXD - container startup/shutdown.
[[0;32m  OK  [0m] Started Login Service.
[[0;32m  OK  [0m] Started Unattended Upgrades Shutdown.
         Starting Authorization Manager...
         Starting Terminate Plymouth Boot Screen...
         Starting Hold until boot process finishes up...
[[0;32m  OK  [0m] Started Hold until boot process finishes up.
         Starting Set console scheme...
[[0;32m  OK  [0m] Started Serial Getty on ttyS0.
[[0;32m  OK  [0m] Started Terminate Plymouth Boot Screen.
[[0;32m  OK  [0m] Started Authorization Manager.
[[0;32m  OK  [0m] Started Accounts Service.
[[0;32m  OK  [0m] Started Set console scheme.
[[0;32m  OK  [0m] Created slice system-getty.slice.
[[0;32m  OK  [0m] Started Getty on tty1.
[[0;32m  OK  [0m] Reached target Login Prompts.
[[0;32m  OK  [0m] Started LSB: automatic crash report generation.
[[0;32m  OK  [0m] Started LSB: Record successful boot for GRUB.
[[0;32m  OK  [0m] Started Virtualbox guest utils.
[[0;32m  OK  [0m] Started Dispatcher daemon for systemd-networkd.
[[0;32m  OK  [0m] Started Snap Daemon.
         Starting Wait until snapd is fully seeded...
[[0;32m  OK  [0m] Started Pollinate to seed the pseudo random number generator.
         Starting OpenBSD Secure Shell server...
[[0;32m  OK  [0m] Started OpenBSD Secure Shell server.
[[0;32m  OK  [0m] Created slice User Slice of vagrant.
         Starting User Manager for UID 1000...
[[0;32m  OK  [0m] Started Session 1 of user vagrant.
[[0;32m  OK  [0m] Started User Manager for UID 1000.
[[0;32m  OK  [0m] Started Wait until snapd is fully seeded.
[[0;32m  OK  [0m] Reached target Multi-User System.
[[0;32m  OK  [0m] Reached target Graphical Interface.
         Starting Update UTMP about System Runlevel Changes...
         Starting Apply the settings specified in cloud-config...
[[0;32m  OK  [0m] Started Update UTMP about System Runlevel Changes.
[   17.963658] cloud-init[1484]: Cloud-init v. 21.1-19-gbad84ad4-0ubuntu1~18.04.1 running 'modules:config' at Fri, 23 Apr 2021 21:36:44 +0000. Up 17.63 seconds.
ci-info: no authorized SSH keys fingerprints found for user ubuntu.
<14>Apr 23 21:36:45 ec2: 
<14>Apr 23 21:36:45 ec2: #############################################################
<14>Apr 23 21:36:45 ec2: -----BEGIN SSH HOST KEY FINGERPRINTS-----
<14>Apr 23 21:36:45 ec2: 1024 SHA256:JFNbjm1QlIdEhEfeer6szo+1IB9Wub7wNDmSGuSPSmM root@ubuntu-bionic (DSA)
<14>Apr 23 21:36:45 ec2: 256 SHA256:hZlhvTzwSRo2I1sAOn/9hLFQYL7Ra26n0Bpii5vEKkQ root@ubuntu-bionic (ECDSA)
<14>Apr 23 21:36:45 ec2: 256 SHA256:JiKP3FqI2kPAW4X1LtS0Jj3dM6iR8iC5t/gOmSxjByI root@ubuntu-bionic (ED25519)
<14>Apr 23 21:36:45 ec2: 2048 SHA256:nYrktiNeg5VoooEs8At8CpbxgL+EZ2AVp9TxUfEFWVw root@ubuntu-bionic (RSA)
<14>Apr 23 21:36:45 ec2: -----END SSH HOST KEY FINGERPRINTS-----
<14>Apr 23 21:36:45 ec2: #############################################################
-----BEGIN SSH HOST KEY KEYS-----
ecdsa-sha2-nistp256 AAAAE2VjZHNhLXNoYTItbmlzdHAyNTYAAAAIbmlzdHAyNTYAAABBBL1qnnyrBrNVSh2iSHgyRd4LR+PAGdlxoq7SBKUenngm2115y13BRd30q5Op0qGgZBrNZV/u0dg7kyPnF757F2I= root@ubuntu-bionic
ssh-ed25519 AAAAC3NzaC1lZDI1NTE5AAAAIAV+pLHe0TNsG0ca9Ds5zekz4KfLcCIRSSUQspqlA/Ai root@ubuntu-bionic
ssh-rsa AAAAB3NzaC1yc2EAAAADAQABAAABAQCcAktO53uNcXTa7bv0ImMfDQfDak31wpm2j32h5cgyxFtlmHUR6OScN4zzZBIhoqboTrfV4jMcF8+T1JYp/vTadS+wJLDJedewfeuO3+VU9eDIsdBFYSfmV18URzfTKbtN9y/kPUDR/bhnXVLPkHxE1cUIgj7cE5b/GEGNU5xt08A7spxSBUUqJZDOXrg+DE9U96Oqji25YlsqfiMb9tGntZs+aBHZaJT5m08vMbIxrMyd4QDt2Bc4kEqZIFgVsvFlENhnRKdQ3J/7Qx6rnhK3CnoZxMv8G55QvliwdYNxmdM8nr4tYUKrYuqklI3183ZSo+aXwl6HzmgdssfukBB/ root@ubuntu-bionic
-----END SSH HOST KEY KEYS-----
[   18.598005] cloud-init[1572]: Cloud-init v. 21.1-19-gbad84ad4-0ubuntu1~18.04.1 running 'modules:final' at Fri, 23 Apr 2021 21:36:45 +0000. Up 18.39 seconds.
[   18.598502] cloud-init[1572]: ci-info: no authorized SSH keys fingerprints found for user ubuntu.
[   18.599663] cloud-init[1572]: Cloud-init v. 21.1-19-gbad84ad4-0ubuntu1~18.04.1 finished at Fri, 23 Apr 2021 21:36:45 +0000. Datasource DataSourceNoCloud [seed=/dev/sdb][dsmode=net].  Up 18.58 seconds

Ubuntu 18.04.5 LTS ubuntu-bionic ttyS0

ubuntu-bionic login: 